<?xml version="1.0" encoding="UTF-8"?>
<!-- Generated by org.testng.reporters.JUnitReportReporter -->
<testsuite hostname="LAPTOP-R247ETOJ" failures="0" tests="3" name="eagle.mav" time="0.008" errors="0" timestamp="2023-03-15T10:16:41 IST" skipped="0">
  <testcase classname="eagle.mav" name="search" time="0.005"/>
  <system-out/>
  <testcase classname="eagle.mav" name="homepage" time="0.002"/>
  <system-out/>
  <testcase classname="eagle.mav" name="login" time="0.001"/>
  <system-out/>
</testsuite> <!-- eagle.mav -->
