<?xml version="1.0" encoding="UTF-8"?>
<!-- Generated by org.testng.reporters.JUnitReportReporter -->
<testsuite hostname="LAPTOP-R247ETOJ" failures="0" tests="2" name="eagle.guru" time="25.266" errors="0" timestamp="2023-03-20T15:38:43 IST" skipped="0">
  <testcase classname="eagle.guru" name="signoff" time="3.103"/>
  <system-out/>
  <testcase classname="eagle.guru" name="login" time="22.163"/>
  <system-out/>
</testsuite> <!-- eagle.guru -->
