<?xml version="1.0" encoding="UTF-8"?>
<!-- Generated by org.testng.reporters.JUnitReportReporter -->
<testsuite hostname="LAPTOP-R247ETOJ" failures="0" tests="2" name="eagle.guru" time="24.688" errors="0" timestamp="2023-03-20T11:22:58 IST" skipped="0">
  <testcase classname="eagle.guru" name="login" time="21.575"/>
  <system-out/>
  <testcase classname="eagle.guru" name="signoff" time="3.113"/>
  <system-out/>
</testsuite> <!-- eagle.guru -->
